Copyright 1986-2022 Xilinx, Inc. All Rights Reserved.
---------------------------------------------------------------------------------------------------------------------------------------
| Tool Version : Vivado v.2022.2 (lin64) Build 3671981 Fri Oct 14 04:59:54 MDT 2022
| Date         : Mon Sep  2 11:57:17 2024
| Host         : prince-ThinkPad-E14-Gen-5 running 64-bit Ubuntu 24.04 LTS
| Command      : report_drc -file design_1_wrapper_drc_opted.rpt -pb design_1_wrapper_drc_opted.pb -rpx design_1_wrapper_drc_opted.rpx
| Design       : design_1_wrapper
| Device       : xczu3eg-sbva484-2-i
| Speed File   : -2
| Design State : Synthesized
---------------------------------------------------------------------------------------------------------------------------------------

Report DRC

Table of Contents
-----------------
1. REPORT SUMMARY
2. REPORT DETAILS

1. REPORT SUMMARY
-----------------
            Netlist: netlist
          Floorplan: design_1
      Design limits: <entire design considered>
           Ruledeck: default
             Max violations: <unlimited>
             Violations found: 94
+-----------+----------+---------------------------------------------------------------------+------------+
| Rule      | Severity | Description                                                         | Violations |
+-----------+----------+---------------------------------------------------------------------+------------+
| DPIP-2    | Warning  | Input pipelining                                                    | 29         |
| DPOP-3    | Warning  | PREG Output pipelining                                              | 16         |
| DPOP-4    | Warning  | MREG Output pipelining                                              | 25         |
| REQP-1935 | Warning  | RAMB36E2_nochange_collision_advisory                                | 2          |
| AVAL-155  | Advisory | enum_AMULTSEL_BMULTSEL_enum_DREG_ADREG_0_connects_CED_CEAD_RSTD_GND | 11         |
| AVAL-156  | Advisory | enum_USE_MULT_NONE__enum_DREG_ADREG_0_connects_CED_CEAD_RSTD_GND    | 11         |
+-----------+----------+---------------------------------------------------------------------+------------+

2. REPORT DETAILS
-----------------
DPIP-2#1 Warning
Input pipelining  
DSP design_1_i/gesture_model_0/inst/dense_1_U0/dexp_64ns_64ns_64_13_full_dsp_1_U114/gesture_model_dexp_64ns_64ns_64_13_full_dsp_1_ip_u/inst/i_synth/EXP_OP.i_sp_or_dp.OP/g_Fr_other.i_calculate_Fr/dsp_extra_fabric_adder.mult_with_add_low/use_prim.appDSP48[0].bppDSP48[0].use_dsp.use_dsp48e2.iDSP48E2 input design_1_i/gesture_model_0/inst/dense_1_U0/dexp_64ns_64ns_64_13_full_dsp_1_U114/gesture_model_dexp_64ns_64ns_64_13_full_dsp_1_ip_u/inst/i_synth/EXP_OP.i_sp_or_dp.OP/g_Fr_other.i_calculate_Fr/dsp_extra_fabric_adder.mult_with_add_low/use_prim.appDSP48[0].bppDSP48[0].use_dsp.use_dsp48e2.iDSP48E2/A[29:0] is not pipelined. Pipelining DSP48 input will improve performance.
Related violations: <none>

DPIP-2#2 Warning
Input pipelining  
DSP design_1_i/gesture_model_0/inst/dense_1_U0/dexp_64ns_64ns_64_13_full_dsp_1_U114/gesture_model_dexp_64ns_64ns_64_13_full_dsp_1_ip_u/inst/i_synth/EXP_OP.i_sp_or_dp.OP/g_Fr_other.i_calculate_Fr/dsp_extra_fabric_adder.mult_with_add_low/use_prim.appDSP48[0].bppDSP48[0].use_dsp.use_dsp48e2.iDSP48E2 input design_1_i/gesture_model_0/inst/dense_1_U0/dexp_64ns_64ns_64_13_full_dsp_1_U114/gesture_model_dexp_64ns_64ns_64_13_full_dsp_1_ip_u/inst/i_synth/EXP_OP.i_sp_or_dp.OP/g_Fr_other.i_calculate_Fr/dsp_extra_fabric_adder.mult_with_add_low/use_prim.appDSP48[0].bppDSP48[0].use_dsp.use_dsp48e2.iDSP48E2/B[17:0] is not pipelined. Pipelining DSP48 input will improve performance.
Related violations: <none>

DPIP-2#3 Warning
Input pipelining  
DSP design_1_i/gesture_model_0/inst/dense_1_U0/dexp_64ns_64ns_64_13_full_dsp_1_U114/gesture_model_dexp_64ns_64ns_64_13_full_dsp_1_ip_u/inst/i_synth/EXP_OP.i_sp_or_dp.OP/g_Fr_other.i_calculate_e2zm1/dsp.one.dsp48e1_add/i_no_versal_es1_workaround.DSP input design_1_i/gesture_model_0/inst/dense_1_U0/dexp_64ns_64ns_64_13_full_dsp_1_U114/gesture_model_dexp_64ns_64ns_64_13_full_dsp_1_ip_u/inst/i_synth/EXP_OP.i_sp_or_dp.OP/g_Fr_other.i_calculate_e2zm1/dsp.one.dsp48e1_add/i_no_versal_es1_workaround.DSP/A[29:0] is not pipelined. Pipelining DSP48 input will improve performance.
Related violations: <none>

DPIP-2#4 Warning
Input pipelining  
DSP design_1_i/gesture_model_0/inst/dense_1_U0/dexp_64ns_64ns_64_13_full_dsp_1_U114/gesture_model_dexp_64ns_64ns_64_13_full_dsp_1_ip_u/inst/i_synth/EXP_OP.i_sp_or_dp.OP/g_Fr_other.i_calculate_e2zm1/dsp.one.dsp48e1_add/i_no_versal_es1_workaround.DSP input design_1_i/gesture_model_0/inst/dense_1_U0/dexp_64ns_64ns_64_13_full_dsp_1_U114/gesture_model_dexp_64ns_64ns_64_13_full_dsp_1_ip_u/inst/i_synth/EXP_OP.i_sp_or_dp.OP/g_Fr_other.i_calculate_e2zm1/dsp.one.dsp48e1_add/i_no_versal_es1_workaround.DSP/B[17:0] is not pipelined. Pipelining DSP48 input will improve performance.
Related violations: <none>

DPIP-2#5 Warning
Input pipelining  
DSP design_1_i/gesture_model_0/inst/dense_1_U0/dexp_64ns_64ns_64_13_full_dsp_1_U114/gesture_model_dexp_64ns_64ns_64_13_full_dsp_1_ip_u/inst/i_synth/EXP_OP.i_sp_or_dp.OP/g_Fr_other.i_calculate_e2zm1/dsp.one.dsp48e1_add/i_no_versal_es1_workaround.DSP input design_1_i/gesture_model_0/inst/dense_1_U0/dexp_64ns_64ns_64_13_full_dsp_1_U114/gesture_model_dexp_64ns_64ns_64_13_full_dsp_1_ip_u/inst/i_synth/EXP_OP.i_sp_or_dp.OP/g_Fr_other.i_calculate_e2zm1/dsp.one.dsp48e1_add/i_no_versal_es1_workaround.DSP/C[47:0] is not pipelined. Pipelining DSP48 input will improve performance.
Related violations: <none>

DPIP-2#6 Warning
Input pipelining  
DSP design_1_i/gesture_model_0/inst/dense_1_U0/dexp_64ns_64ns_64_13_full_dsp_1_U114/gesture_model_dexp_64ns_64ns_64_13_full_dsp_1_ip_u/inst/i_synth/EXP_OP.i_sp_or_dp.OP/i_calculate_Xf/dsp.two.dsp48e1_add_hi/i_no_versal_es1_workaround.DSP input design_1_i/gesture_model_0/inst/dense_1_U0/dexp_64ns_64ns_64_13_full_dsp_1_U114/gesture_model_dexp_64ns_64ns_64_13_full_dsp_1_ip_u/inst/i_synth/EXP_OP.i_sp_or_dp.OP/i_calculate_Xf/dsp.two.dsp48e1_add_hi/i_no_versal_es1_workaround.DSP/B[17:0] is not pipelined. Pipelining DSP48 input will improve performance.
Related violations: <none>

DPIP-2#7 Warning
Input pipelining  
DSP design_1_i/gesture_model_0/inst/dense_1_U0/dexp_64ns_64ns_64_13_full_dsp_1_U114/gesture_model_dexp_64ns_64ns_64_13_full_dsp_1_ip_u/inst/i_synth/EXP_OP.i_sp_or_dp.OP/i_calculate_Xf/dsp.two.dsp48e1_add_hi/i_no_versal_es1_workaround.DSP input design_1_i/gesture_model_0/inst/dense_1_U0/dexp_64ns_64ns_64_13_full_dsp_1_U114/gesture_model_dexp_64ns_64ns_64_13_full_dsp_1_ip_u/inst/i_synth/EXP_OP.i_sp_or_dp.OP/i_calculate_Xf/dsp.two.dsp48e1_add_hi/i_no_versal_es1_workaround.DSP/C[47:0] is not pipelined. Pipelining DSP48 input will improve performance.
Related violations: <none>

DPIP-2#8 Warning
Input pipelining  
DSP design_1_i/gesture_model_0/inst/dense_1_U0/dexp_64ns_64ns_64_13_full_dsp_1_U114/gesture_model_dexp_64ns_64ns_64_13_full_dsp_1_ip_u/inst/i_synth/EXP_OP.i_sp_or_dp.OP/i_calculate_Xf/dsp.two.dsp48e1_add_lo/i_no_versal_es1_workaround.DSP input design_1_i/gesture_model_0/inst/dense_1_U0/dexp_64ns_64ns_64_13_full_dsp_1_U114/gesture_model_dexp_64ns_64ns_64_13_full_dsp_1_ip_u/inst/i_synth/EXP_OP.i_sp_or_dp.OP/i_calculate_Xf/dsp.two.dsp48e1_add_lo/i_no_versal_es1_workaround.DSP/A[29:0] is not pipelined. Pipelining DSP48 input will improve performance.
Related violations: <none>

DPIP-2#9 Warning
Input pipelining  
DSP design_1_i/gesture_model_0/inst/dense_1_U0/dexp_64ns_64ns_64_13_full_dsp_1_U114/gesture_model_dexp_64ns_64ns_64_13_full_dsp_1_ip_u/inst/i_synth/EXP_OP.i_sp_or_dp.OP/i_calculate_Xf/dsp.two.dsp48e1_add_lo/i_no_versal_es1_workaround.DSP input design_1_i/gesture_model_0/inst/dense_1_U0/dexp_64ns_64ns_64_13_full_dsp_1_U114/gesture_model_dexp_64ns_64ns_64_13_full_dsp_1_ip_u/inst/i_synth/EXP_OP.i_sp_or_dp.OP/i_calculate_Xf/dsp.two.dsp48e1_add_lo/i_no_versal_es1_workaround.DSP/B[17:0] is not pipelined. Pipelining DSP48 input will improve performance.
Related violations: <none>

DPIP-2#10 Warning
Input pipelining  
DSP design_1_i/gesture_model_0/inst/dense_1_U0/dexp_64ns_64ns_64_13_full_dsp_1_U114/gesture_model_dexp_64ns_64ns_64_13_full_dsp_1_ip_u/inst/i_synth/EXP_OP.i_sp_or_dp.OP/i_calculate_Xf/dsp.two.dsp48e1_add_lo/i_no_versal_es1_workaround.DSP input design_1_i/gesture_model_0/inst/dense_1_U0/dexp_64ns_64ns_64_13_full_dsp_1_U114/gesture_model_dexp_64ns_64ns_64_13_full_dsp_1_ip_u/inst/i_synth/EXP_OP.i_sp_or_dp.OP/i_calculate_Xf/dsp.two.dsp48e1_add_lo/i_no_versal_es1_workaround.DSP/C[47:0] is not pipelined. Pipelining DSP48 input will improve performance.
Related violations: <none>

DPIP-2#11 Warning
Input pipelining  
DSP design_1_i/gesture_model_0/inst/dense_1_U0/dexp_64ns_64ns_64_13_full_dsp_1_U114/gesture_model_dexp_64ns_64ns_64_13_full_dsp_1_ip_u/inst/i_synth/EXP_OP.i_sp_or_dp.OP/i_calculate_e2zmzm1/g_dp.i_polyomial/g_struct.multadd_1.madd/dsp_extra_fabric_adder.mult_with_add_low/use_prim.appDSP48[0].bppDSP48[0].use_dsp.use_dsp48e2.iDSP48E2 input design_1_i/gesture_model_0/inst/dense_1_U0/dexp_64ns_64ns_64_13_full_dsp_1_U114/gesture_model_dexp_64ns_64ns_64_13_full_dsp_1_ip_u/inst/i_synth/EXP_OP.i_sp_or_dp.OP/i_calculate_e2zmzm1/g_dp.i_polyomial/g_struct.multadd_1.madd/dsp_extra_fabric_adder.mult_with_add_low/use_prim.appDSP48[0].bppDSP48[0].use_dsp.use_dsp48e2.iDSP48E2/C[47:0] is not pipelined. Pipelining DSP48 input will improve performance.
Related violations: <none>

DPIP-2#12 Warning
Input pipelining  
DSP design_1_i/gesture_model_0/inst/dense_1_U0/dexp_64ns_64ns_64_13_full_dsp_1_U114/gesture_model_dexp_64ns_64ns_64_13_full_dsp_1_ip_u/inst/i_synth/EXP_OP.i_sp_or_dp.OP/i_calculate_e2zmzm1/g_dp.i_polyomial/g_struct.multadd_2.madd/dsp_extra_fabric_adder.mult_with_add_low/use_prim.appDSP48[0].bppDSP48[0].use_dsp.use_dsp48e2.iDSP48E2 input design_1_i/gesture_model_0/inst/dense_1_U0/dexp_64ns_64ns_64_13_full_dsp_1_U114/gesture_model_dexp_64ns_64ns_64_13_full_dsp_1_ip_u/inst/i_synth/EXP_OP.i_sp_or_dp.OP/i_calculate_e2zmzm1/g_dp.i_polyomial/g_struct.multadd_2.madd/dsp_extra_fabric_adder.mult_with_add_low/use_prim.appDSP48[0].bppDSP48[0].use_dsp.use_dsp48e2.iDSP48E2/C[47:0] is not pipelined. Pipelining DSP48 input will improve performance.
Related violations: <none>

DPIP-2#13 Warning
Input pipelining  
DSP design_1_i/gesture_model_0/inst/dense_1_U0/dexp_64ns_64ns_64_13_full_dsp_1_U114/gesture_model_dexp_64ns_64ns_64_13_full_dsp_1_ip_u/inst/i_synth/EXP_OP.i_sp_or_dp.OP/i_ccm_ln2/g_tables[0].i_addsub/dsp.two.dsp48e1_add_hi/i_no_versal_es1_workaround.DSP input design_1_i/gesture_model_0/inst/dense_1_U0/dexp_64ns_64ns_64_13_full_dsp_1_U114/gesture_model_dexp_64ns_64ns_64_13_full_dsp_1_ip_u/inst/i_synth/EXP_OP.i_sp_or_dp.OP/i_ccm_ln2/g_tables[0].i_addsub/dsp.two.dsp48e1_add_hi/i_no_versal_es1_workaround.DSP/B[17:0] is not pipelined. Pipelining DSP48 input will improve performance.
Related violations: <none>

DPIP-2#14 Warning
Input pipelining  
DSP design_1_i/gesture_model_0/inst/dense_1_U0/dexp_64ns_64ns_64_13_full_dsp_1_U114/gesture_model_dexp_64ns_64ns_64_13_full_dsp_1_ip_u/inst/i_synth/EXP_OP.i_sp_or_dp.OP/i_ccm_ln2/g_tables[0].i_addsub/dsp.two.dsp48e1_add_lo/i_no_versal_es1_workaround.DSP input design_1_i/gesture_model_0/inst/dense_1_U0/dexp_64ns_64ns_64_13_full_dsp_1_U114/gesture_model_dexp_64ns_64ns_64_13_full_dsp_1_ip_u/inst/i_synth/EXP_OP.i_sp_or_dp.OP/i_ccm_ln2/g_tables[0].i_addsub/dsp.two.dsp48e1_add_lo/i_no_versal_es1_workaround.DSP/A[29:0] is not pipelined. Pipelining DSP48 input will improve performance.
Related violations: <none>

DPIP-2#15 Warning
Input pipelining  
DSP design_1_i/gesture_model_0/inst/dense_1_U0/dexp_64ns_64ns_64_13_full_dsp_1_U114/gesture_model_dexp_64ns_64ns_64_13_full_dsp_1_ip_u/inst/i_synth/EXP_OP.i_sp_or_dp.OP/i_ccm_ln2/g_tables[0].i_addsub/dsp.two.dsp48e1_add_lo/i_no_versal_es1_workaround.DSP input design_1_i/gesture_model_0/inst/dense_1_U0/dexp_64ns_64ns_64_13_full_dsp_1_U114/gesture_model_dexp_64ns_64ns_64_13_full_dsp_1_ip_u/inst/i_synth/EXP_OP.i_sp_or_dp.OP/i_ccm_ln2/g_tables[0].i_addsub/dsp.two.dsp48e1_add_lo/i_no_versal_es1_workaround.DSP/B[17:0] is not pipelined. Pipelining DSP48 input will improve performance.
Related violations: <none>

DPIP-2#16 Warning
Input pipelining  
DSP design_1_i/gesture_model_0/inst/dense_1_U0/dexp_64ns_64ns_64_13_full_dsp_1_U114/gesture_model_dexp_64ns_64ns_64_13_full_dsp_1_ip_u/inst/i_synth/EXP_OP.i_sp_or_dp.OP/i_ccm_ln2/g_tables[1].i_addsub/dsp.two.dsp48e1_add_hi/i_no_versal_es1_workaround.DSP input design_1_i/gesture_model_0/inst/dense_1_U0/dexp_64ns_64ns_64_13_full_dsp_1_U114/gesture_model_dexp_64ns_64ns_64_13_full_dsp_1_ip_u/inst/i_synth/EXP_OP.i_sp_or_dp.OP/i_ccm_ln2/g_tables[1].i_addsub/dsp.two.dsp48e1_add_hi/i_no_versal_es1_workaround.DSP/A[29:0] is not pipelined. Pipelining DSP48 input will improve performance.
Related violations: <none>

DPIP-2#17 Warning
Input pipelining  
DSP design_1_i/gesture_model_0/inst/dense_1_U0/dexp_64ns_64ns_64_13_full_dsp_1_U114/gesture_model_dexp_64ns_64ns_64_13_full_dsp_1_ip_u/inst/i_synth/EXP_OP.i_sp_or_dp.OP/i_ccm_ln2/g_tables[1].i_addsub/dsp.two.dsp48e1_add_hi/i_no_versal_es1_workaround.DSP input design_1_i/gesture_model_0/inst/dense_1_U0/dexp_64ns_64ns_64_13_full_dsp_1_U114/gesture_model_dexp_64ns_64ns_64_13_full_dsp_1_ip_u/inst/i_synth/EXP_OP.i_sp_or_dp.OP/i_ccm_ln2/g_tables[1].i_addsub/dsp.two.dsp48e1_add_hi/i_no_versal_es1_workaround.DSP/B[17:0] is not pipelined. Pipelining DSP48 input will improve performance.
Related violations: <none>

DPIP-2#18 Warning
Input pipelining  
DSP design_1_i/gesture_model_0/inst/dense_1_U0/dexp_64ns_64ns_64_13_full_dsp_1_U114/gesture_model_dexp_64ns_64ns_64_13_full_dsp_1_ip_u/inst/i_synth/EXP_OP.i_sp_or_dp.OP/i_ccm_ln2/g_tables[1].i_addsub/dsp.two.dsp48e1_add_hi/i_no_versal_es1_workaround.DSP input design_1_i/gesture_model_0/inst/dense_1_U0/dexp_64ns_64ns_64_13_full_dsp_1_U114/gesture_model_dexp_64ns_64ns_64_13_full_dsp_1_ip_u/inst/i_synth/EXP_OP.i_sp_or_dp.OP/i_ccm_ln2/g_tables[1].i_addsub/dsp.two.dsp48e1_add_hi/i_no_versal_es1_workaround.DSP/C[47:0] is not pipelined. Pipelining DSP48 input will improve performance.
Related violations: <none>

DPIP-2#19 Warning
Input pipelining  
DSP design_1_i/gesture_model_0/inst/dense_1_U0/dexp_64ns_64ns_64_13_full_dsp_1_U114/gesture_model_dexp_64ns_64ns_64_13_full_dsp_1_ip_u/inst/i_synth/EXP_OP.i_sp_or_dp.OP/i_ccm_ln2/g_tables[1].i_addsub/dsp.two.dsp48e1_add_lo/i_no_versal_es1_workaround.DSP input design_1_i/gesture_model_0/inst/dense_1_U0/dexp_64ns_64ns_64_13_full_dsp_1_U114/gesture_model_dexp_64ns_64ns_64_13_full_dsp_1_ip_u/inst/i_synth/EXP_OP.i_sp_or_dp.OP/i_ccm_ln2/g_tables[1].i_addsub/dsp.two.dsp48e1_add_lo/i_no_versal_es1_workaround.DSP/A[29:0] is not pipelined. Pipelining DSP48 input will improve performance.
Related violations: <none>

DPIP-2#20 Warning
Input pipelining  
DSP design_1_i/gesture_model_0/inst/dense_1_U0/dexp_64ns_64ns_64_13_full_dsp_1_U114/gesture_model_dexp_64ns_64ns_64_13_full_dsp_1_ip_u/inst/i_synth/EXP_OP.i_sp_or_dp.OP/i_ccm_ln2/g_tables[1].i_addsub/dsp.two.dsp48e1_add_lo/i_no_versal_es1_workaround.DSP input design_1_i/gesture_model_0/inst/dense_1_U0/dexp_64ns_64ns_64_13_full_dsp_1_U114/gesture_model_dexp_64ns_64ns_64_13_full_dsp_1_ip_u/inst/i_synth/EXP_OP.i_sp_or_dp.OP/i_ccm_ln2/g_tables[1].i_addsub/dsp.two.dsp48e1_add_lo/i_no_versal_es1_workaround.DSP/B[17:0] is not pipelined. Pipelining DSP48 input will improve performance.
Related violations: <none>

DPIP-2#21 Warning
Input pipelining  
DSP design_1_i/gesture_model_0/inst/dense_1_U0/dexp_64ns_64ns_64_13_full_dsp_1_U114/gesture_model_dexp_64ns_64ns_64_13_full_dsp_1_ip_u/inst/i_synth/EXP_OP.i_sp_or_dp.OP/i_ccm_ln2/g_tables[1].i_addsub/dsp.two.dsp48e1_add_lo/i_no_versal_es1_workaround.DSP input design_1_i/gesture_model_0/inst/dense_1_U0/dexp_64ns_64ns_64_13_full_dsp_1_U114/gesture_model_dexp_64ns_64ns_64_13_full_dsp_1_ip_u/inst/i_synth/EXP_OP.i_sp_or_dp.OP/i_ccm_ln2/g_tables[1].i_addsub/dsp.two.dsp48e1_add_lo/i_no_versal_es1_workaround.DSP/C[47:0] is not pipelined. Pipelining DSP48 input will improve performance.
Related violations: <none>

DPIP-2#22 Warning
Input pipelining  
DSP design_1_i/gesture_model_0/inst/dense_1_U0/dexp_64ns_64ns_64_13_full_dsp_1_U114/gesture_model_dexp_64ns_64ns_64_13_full_dsp_1_ip_u/inst/i_synth/EXP_OP.i_sp_or_dp.OP/i_ccm_recip_ln2/g_tables[0].i_addsub/dsp.one.dsp48e1_add/i_no_versal_es1_workaround.DSP input design_1_i/gesture_model_0/inst/dense_1_U0/dexp_64ns_64ns_64_13_full_dsp_1_U114/gesture_model_dexp_64ns_64ns_64_13_full_dsp_1_ip_u/inst/i_synth/EXP_OP.i_sp_or_dp.OP/i_ccm_recip_ln2/g_tables[0].i_addsub/dsp.one.dsp48e1_add/i_no_versal_es1_workaround.DSP/B[17:0] is not pipelined. Pipelining DSP48 input will improve performance.
Related violations: <none>

DPIP-2#23 Warning
Input pipelining  
DSP design_1_i/gesture_model_0/inst/dense_1_U0/dexp_64ns_64ns_64_13_full_dsp_1_U114/gesture_model_dexp_64ns_64ns_64_13_full_dsp_1_ip_u/inst/i_synth/EXP_OP.i_sp_or_dp.OP/i_ccm_recip_ln2/g_tables[1].i_addsub/dsp.one.dsp48e1_add/i_no_versal_es1_workaround.DSP input design_1_i/gesture_model_0/inst/dense_1_U0/dexp_64ns_64ns_64_13_full_dsp_1_U114/gesture_model_dexp_64ns_64ns_64_13_full_dsp_1_ip_u/inst/i_synth/EXP_OP.i_sp_or_dp.OP/i_ccm_recip_ln2/g_tables[1].i_addsub/dsp.one.dsp48e1_add/i_no_versal_es1_workaround.DSP/B[17:0] is not pipelined. Pipelining DSP48 input will improve performance.
Related violations: <none>

DPIP-2#24 Warning
Input pipelining  
DSP design_1_i/gesture_model_0/inst/dense_1_U0/dexp_64ns_64ns_64_13_full_dsp_1_U114/gesture_model_dexp_64ns_64ns_64_13_full_dsp_1_ip_u/inst/i_synth/EXP_OP.i_sp_or_dp.OP/i_ccm_recip_ln2/g_tables[1].i_addsub/dsp.one.dsp48e1_add/i_no_versal_es1_workaround.DSP input design_1_i/gesture_model_0/inst/dense_1_U0/dexp_64ns_64ns_64_13_full_dsp_1_U114/gesture_model_dexp_64ns_64ns_64_13_full_dsp_1_ip_u/inst/i_synth/EXP_OP.i_sp_or_dp.OP/i_ccm_recip_ln2/g_tables[1].i_addsub/dsp.one.dsp48e1_add/i_no_versal_es1_workaround.DSP/C[47:0] is not pipelined. Pipelining DSP48 input will improve performance.
Related violations: <none>

DPIP-2#25 Warning
Input pipelining  
DSP design_1_i/gesture_model_0/inst/dense_1_U0/dexp_64ns_64ns_64_13_full_dsp_1_U114/gesture_model_dexp_64ns_64ns_64_13_full_dsp_1_ip_u/inst/i_synth/EXP_OP.i_sp_or_dp.OP/i_ccm_recip_ln2/g_tables[2].i_addsub/dsp.one.dsp48e1_add/i_no_versal_es1_workaround.DSP input design_1_i/gesture_model_0/inst/dense_1_U0/dexp_64ns_64ns_64_13_full_dsp_1_U114/gesture_model_dexp_64ns_64ns_64_13_full_dsp_1_ip_u/inst/i_synth/EXP_OP.i_sp_or_dp.OP/i_ccm_recip_ln2/g_tables[2].i_addsub/dsp.one.dsp48e1_add/i_no_versal_es1_workaround.DSP/A[29:0] is not pipelined. Pipelining DSP48 input will improve performance.
Related violations: <none>

DPIP-2#26 Warning
Input pipelining  
DSP design_1_i/gesture_model_0/inst/dense_1_U0/dexp_64ns_64ns_64_13_full_dsp_1_U114/gesture_model_dexp_64ns_64ns_64_13_full_dsp_1_ip_u/inst/i_synth/EXP_OP.i_sp_or_dp.OP/i_ccm_recip_ln2/g_tables[2].i_addsub/dsp.one.dsp48e1_add/i_no_versal_es1_workaround.DSP input design_1_i/gesture_model_0/inst/dense_1_U0/dexp_64ns_64ns_64_13_full_dsp_1_U114/gesture_model_dexp_64ns_64ns_64_13_full_dsp_1_ip_u/inst/i_synth/EXP_OP.i_sp_or_dp.OP/i_ccm_recip_ln2/g_tables[2].i_addsub/dsp.one.dsp48e1_add/i_no_versal_es1_workaround.DSP/B[17:0] is not pipelined. Pipelining DSP48 input will improve performance.
Related violations: <none>

DPIP-2#27 Warning
Input pipelining  
DSP design_1_i/gesture_model_0/inst/dense_1_U0/dexp_64ns_64ns_64_13_full_dsp_1_U114/gesture_model_dexp_64ns_64ns_64_13_full_dsp_1_ip_u/inst/i_synth/EXP_OP.i_sp_or_dp.OP/i_ccm_recip_ln2/g_tables[2].i_addsub/dsp.one.dsp48e1_add/i_no_versal_es1_workaround.DSP input design_1_i/gesture_model_0/inst/dense_1_U0/dexp_64ns_64ns_64_13_full_dsp_1_U114/gesture_model_dexp_64ns_64ns_64_13_full_dsp_1_ip_u/inst/i_synth/EXP_OP.i_sp_or_dp.OP/i_ccm_recip_ln2/g_tables[2].i_addsub/dsp.one.dsp48e1_add/i_no_versal_es1_workaround.DSP/C[47:0] is not pipelined. Pipelining DSP48 input will improve performance.
Related violations: <none>

DPIP-2#28 Warning
Input pipelining  
DSP design_1_i/gesture_model_0/inst/dense_1_U0/dexp_64ns_64ns_64_13_full_dsp_1_U114/gesture_model_dexp_64ns_64ns_64_13_full_dsp_1_ip_u/inst/i_synth/EXP_OP.i_sp_or_dp.OP/i_renorm_and_round/DSP48_E1.DSP48E1_ADD.DSP48E1_ADD/i_no_versal_es1_workaround.DSP input design_1_i/gesture_model_0/inst/dense_1_U0/dexp_64ns_64ns_64_13_full_dsp_1_U114/gesture_model_dexp_64ns_64ns_64_13_full_dsp_1_ip_u/inst/i_synth/EXP_OP.i_sp_or_dp.OP/i_renorm_and_round/DSP48_E1.DSP48E1_ADD.DSP48E1_ADD/i_no_versal_es1_workaround.DSP/B[17:0] is not pipelined. Pipelining DSP48 input will improve performance.
Related violations: <none>

DPIP-2#29 Warning
Input pipelining  
DSP design_1_i/gesture_model_0/inst/dense_1_U0/dexp_64ns_64ns_64_13_full_dsp_1_U114/gesture_model_dexp_64ns_64ns_64_13_full_dsp_1_ip_u/inst/i_synth/EXP_OP.i_sp_or_dp.OP/i_renorm_and_round/DSP48_E1.DSP48E1_ADD.DSP48E1_ADD/i_no_versal_es1_workaround.DSP input design_1_i/gesture_model_0/inst/dense_1_U0/dexp_64ns_64ns_64_13_full_dsp_1_U114/gesture_model_dexp_64ns_64ns_64_13_full_dsp_1_ip_u/inst/i_synth/EXP_OP.i_sp_or_dp.OP/i_renorm_and_round/DSP48_E1.DSP48E1_ADD.DSP48E1_ADD/i_no_versal_es1_workaround.DSP/C[47:0] is not pipelined. Pipelining DSP48 input will improve performance.
Related violations: <none>

DPOP-3#1 Warning
PREG Output pipelining  
DSP design_1_i/gesture_model_0/inst/dense_1_U0/dexp_64ns_64ns_64_13_full_dsp_1_U114/gesture_model_dexp_64ns_64ns_64_13_full_dsp_1_ip_u/inst/i_synth/EXP_OP.i_sp_or_dp.OP/g_Fr_other.i_calculate_Fr/dsp_extra_fabric_adder.mult_with_add_low/use_prim.appDSP48[0].bppDSP48[2].use_dsp.use_dsp48e2.iDSP48E2 output design_1_i/gesture_model_0/inst/dense_1_U0/dexp_64ns_64ns_64_13_full_dsp_1_U114/gesture_model_dexp_64ns_64ns_64_13_full_dsp_1_ip_u/inst/i_synth/EXP_OP.i_sp_or_dp.OP/g_Fr_other.i_calculate_Fr/dsp_extra_fabric_adder.mult_with_add_low/use_prim.appDSP48[0].bppDSP48[2].use_dsp.use_dsp48e2.iDSP48E2/P[47:0] is not pipelined (PREG=0). Pipelining the DSP48 output will improve performance and often saves power so it is suggested whenever possible to fully pipeline this function.  If this DSP48 function was inferred, it is suggested to describe an additional register stage after this function.  If the DSP48 was instantiated in the design, it is suggested to set the PREG attribute to 1.
Related violations: <none>

DPOP-3#2 Warning
PREG Output pipelining  
DSP design_1_i/gesture_model_0/inst/dense_1_U0/dexp_64ns_64ns_64_13_full_dsp_1_U114/gesture_model_dexp_64ns_64ns_64_13_full_dsp_1_ip_u/inst/i_synth/EXP_OP.i_sp_or_dp.OP/g_Fr_other.i_calculate_Fr/dsp_extra_fabric_adder.mult_with_add_low/use_prim.appDSP48[2].bppDSP48[1].use_dsp.use_dsp48e2.iDSP48E2 output design_1_i/gesture_model_0/inst/dense_1_U0/dexp_64ns_64ns_64_13_full_dsp_1_U114/gesture_model_dexp_64ns_64ns_64_13_full_dsp_1_ip_u/inst/i_synth/EXP_OP.i_sp_or_dp.OP/g_Fr_other.i_calculate_Fr/dsp_extra_fabric_adder.mult_with_add_low/use_prim.appDSP48[2].bppDSP48[1].use_dsp.use_dsp48e2.iDSP48E2/P[47:0] is not pipelined (PREG=0). Pipelining the DSP48 output will improve performance and often saves power so it is suggested whenever possible to fully pipeline this function.  If this DSP48 function was inferred, it is suggested to describe an additional register stage after this function.  If the DSP48 was instantiated in the design, it is suggested to set the PREG attribute to 1.
Related violations: <none>

DPOP-3#3 Warning
PREG Output pipelining  
DSP design_1_i/gesture_model_0/inst/dense_1_U0/dexp_64ns_64ns_64_13_full_dsp_1_U114/gesture_model_dexp_64ns_64ns_64_13_full_dsp_1_ip_u/inst/i_synth/EXP_OP.i_sp_or_dp.OP/g_Fr_other.i_calculate_Fr/dsp_extra_fabric_adder.mult_with_add_low/use_prim.appDSP48[2].bppDSP48[2].use_dsp.use_dsp48e2.iDSP48E2 output design_1_i/gesture_model_0/inst/dense_1_U0/dexp_64ns_64ns_64_13_full_dsp_1_U114/gesture_model_dexp_64ns_64ns_64_13_full_dsp_1_ip_u/inst/i_synth/EXP_OP.i_sp_or_dp.OP/g_Fr_other.i_calculate_Fr/dsp_extra_fabric_adder.mult_with_add_low/use_prim.appDSP48[2].bppDSP48[2].use_dsp.use_dsp48e2.iDSP48E2/P[47:0] is not pipelined (PREG=0). Pipelining the DSP48 output will improve performance and often saves power so it is suggested whenever possible to fully pipeline this function.  If this DSP48 function was inferred, it is suggested to describe an additional register stage after this function.  If the DSP48 was instantiated in the design, it is suggested to set the PREG attribute to 1.
Related violations: <none>

DPOP-3#4 Warning
PREG Output pipelining  
DSP design_1_i/gesture_model_0/inst/dense_1_U0/dexp_64ns_64ns_64_13_full_dsp_1_U114/gesture_model_dexp_64ns_64ns_64_13_full_dsp_1_ip_u/inst/i_synth/EXP_OP.i_sp_or_dp.OP/g_Fr_other.i_calculate_e2zm1/dsp.one.dsp48e1_add/i_no_versal_es1_workaround.DSP output design_1_i/gesture_model_0/inst/dense_1_U0/dexp_64ns_64ns_64_13_full_dsp_1_U114/gesture_model_dexp_64ns_64ns_64_13_full_dsp_1_ip_u/inst/i_synth/EXP_OP.i_sp_or_dp.OP/g_Fr_other.i_calculate_e2zm1/dsp.one.dsp48e1_add/i_no_versal_es1_workaround.DSP/P[47:0] is not pipelined (PREG=0). Pipelining the DSP48 output will improve performance and often saves power so it is suggested whenever possible to fully pipeline this function.  If this DSP48 function was inferred, it is suggested to describe an additional register stage after this function.  If the DSP48 was instantiated in the design, it is suggested to set the PREG attribute to 1.
Related violations: <none>

DPOP-3#5 Warning
PREG Output pipelining  
DSP design_1_i/gesture_model_0/inst/dense_1_U0/dexp_64ns_64ns_64_13_full_dsp_1_U114/gesture_model_dexp_64ns_64ns_64_13_full_dsp_1_ip_u/inst/i_synth/EXP_OP.i_sp_or_dp.OP/i_calculate_Xf/dsp.two.dsp48e1_add_hi/i_no_versal_es1_workaround.DSP output design_1_i/gesture_model_0/inst/dense_1_U0/dexp_64ns_64ns_64_13_full_dsp_1_U114/gesture_model_dexp_64ns_64ns_64_13_full_dsp_1_ip_u/inst/i_synth/EXP_OP.i_sp_or_dp.OP/i_calculate_Xf/dsp.two.dsp48e1_add_hi/i_no_versal_es1_workaround.DSP/P[47:0] is not pipelined (PREG=0). Pipelining the DSP48 output will improve performance and often saves power so it is suggested whenever possible to fully pipeline this function.  If this DSP48 function was inferred, it is suggested to describe an additional register stage after this function.  If the DSP48 was instantiated in the design, it is suggested to set the PREG attribute to 1.
Related violations: <none>

DPOP-3#6 Warning
PREG Output pipelining  
DSP design_1_i/gesture_model_0/inst/dense_1_U0/dexp_64ns_64ns_64_13_full_dsp_1_U114/gesture_model_dexp_64ns_64ns_64_13_full_dsp_1_ip_u/inst/i_synth/EXP_OP.i_sp_or_dp.OP/i_calculate_Xf/dsp.two.dsp48e1_add_lo/i_no_versal_es1_workaround.DSP output design_1_i/gesture_model_0/inst/dense_1_U0/dexp_64ns_64ns_64_13_full_dsp_1_U114/gesture_model_dexp_64ns_64ns_64_13_full_dsp_1_ip_u/inst/i_synth/EXP_OP.i_sp_or_dp.OP/i_calculate_Xf/dsp.two.dsp48e1_add_lo/i_no_versal_es1_workaround.DSP/CARRYCASCOUT is not pipelined (PREG=0). Pipelining the DSP48 output will improve performance and often saves power so it is suggested whenever possible to fully pipeline this function.  If this DSP48 function was inferred, it is suggested to describe an additional register stage after this function.  If the DSP48 was instantiated in the design, it is suggested to set the PREG attribute to 1.
Related violations: <none>

DPOP-3#7 Warning
PREG Output pipelining  
DSP design_1_i/gesture_model_0/inst/dense_1_U0/dexp_64ns_64ns_64_13_full_dsp_1_U114/gesture_model_dexp_64ns_64ns_64_13_full_dsp_1_ip_u/inst/i_synth/EXP_OP.i_sp_or_dp.OP/i_calculate_Xf/dsp.two.dsp48e1_add_lo/i_no_versal_es1_workaround.DSP output design_1_i/gesture_model_0/inst/dense_1_U0/dexp_64ns_64ns_64_13_full_dsp_1_U114/gesture_model_dexp_64ns_64ns_64_13_full_dsp_1_ip_u/inst/i_synth/EXP_OP.i_sp_or_dp.OP/i_calculate_Xf/dsp.two.dsp48e1_add_lo/i_no_versal_es1_workaround.DSP/P[47:0] is not pipelined (PREG=0). Pipelining the DSP48 output will improve performance and often saves power so it is suggested whenever possible to fully pipeline this function.  If this DSP48 function was inferred, it is suggested to describe an additional register stage after this function.  If the DSP48 was instantiated in the design, it is suggested to set the PREG attribute to 1.
Related violations: <none>

DPOP-3#8 Warning
PREG Output pipelining  
DSP design_1_i/gesture_model_0/inst/dense_1_U0/dexp_64ns_64ns_64_13_full_dsp_1_U114/gesture_model_dexp_64ns_64ns_64_13_full_dsp_1_ip_u/inst/i_synth/EXP_OP.i_sp_or_dp.OP/i_calculate_e2zmzm1/g_dp.i_polyomial/g_struct.multadd_1.madd/dsp_extra_fabric_adder.mult_with_add_low/use_prim.appDSP48[0].bppDSP48[1].use_dsp.use_dsp48e2.iDSP48E2 output design_1_i/gesture_model_0/inst/dense_1_U0/dexp_64ns_64ns_64_13_full_dsp_1_U114/gesture_model_dexp_64ns_64ns_64_13_full_dsp_1_ip_u/inst/i_synth/EXP_OP.i_sp_or_dp.OP/i_calculate_e2zmzm1/g_dp.i_polyomial/g_struct.multadd_1.madd/dsp_extra_fabric_adder.mult_with_add_low/use_prim.appDSP48[0].bppDSP48[1].use_dsp.use_dsp48e2.iDSP48E2/P[47:0] is not pipelined (PREG=0). Pipelining the DSP48 output will improve performance and often saves power so it is suggested whenever possible to fully pipeline this function.  If this DSP48 function was inferred, it is suggested to describe an additional register stage after this function.  If the DSP48 was instantiated in the design, it is suggested to set the PREG attribute to 1.
Related violations: <none>

DPOP-3#9 Warning
PREG Output pipelining  
DSP design_1_i/gesture_model_0/inst/dense_1_U0/dexp_64ns_64ns_64_13_full_dsp_1_U114/gesture_model_dexp_64ns_64ns_64_13_full_dsp_1_ip_u/inst/i_synth/EXP_OP.i_sp_or_dp.OP/i_calculate_e2zmzm1/g_dp.i_polyomial/g_struct.multadd_2.madd/dsp_extra_fabric_adder.mult_with_add_low/use_prim.appDSP48[1].bppDSP48[0].use_dsp.use_dsp48e2.iDSP48E2 output design_1_i/gesture_model_0/inst/dense_1_U0/dexp_64ns_64ns_64_13_full_dsp_1_U114/gesture_model_dexp_64ns_64ns_64_13_full_dsp_1_ip_u/inst/i_synth/EXP_OP.i_sp_or_dp.OP/i_calculate_e2zmzm1/g_dp.i_polyomial/g_struct.multadd_2.madd/dsp_extra_fabric_adder.mult_with_add_low/use_prim.appDSP48[1].bppDSP48[0].use_dsp.use_dsp48e2.iDSP48E2/P[47:0] is not pipelined (PREG=0). Pipelining the DSP48 output will improve performance and often saves power so it is suggested whenever possible to fully pipeline this function.  If this DSP48 function was inferred, it is suggested to describe an additional register stage after this function.  If the DSP48 was instantiated in the design, it is suggested to set the PREG attribute to 1.
Related violations: <none>

DPOP-3#10 Warning
PREG Output pipelining  
DSP design_1_i/gesture_model_0/inst/dense_1_U0/dexp_64ns_64ns_64_13_full_dsp_1_U114/gesture_model_dexp_64ns_64ns_64_13_full_dsp_1_ip_u/inst/i_synth/EXP_OP.i_sp_or_dp.OP/i_ccm_ln2/g_tables[0].i_addsub/dsp.two.dsp48e1_add_lo/i_no_versal_es1_workaround.DSP output design_1_i/gesture_model_0/inst/dense_1_U0/dexp_64ns_64ns_64_13_full_dsp_1_U114/gesture_model_dexp_64ns_64ns_64_13_full_dsp_1_ip_u/inst/i_synth/EXP_OP.i_sp_or_dp.OP/i_ccm_ln2/g_tables[0].i_addsub/dsp.two.dsp48e1_add_lo/i_no_versal_es1_workaround.DSP/CARRYCASCOUT is not pipelined (PREG=0). Pipelining the DSP48 output will improve performance and often saves power so it is suggested whenever possible to fully pipeline this function.  If this DSP48 function was inferred, it is suggested to describe an additional register stage after this function.  If the DSP48 was instantiated in the design, it is suggested to set the PREG attribute to 1.
Related violations: <none>

DPOP-3#11 Warning
PREG Output pipelining  
DSP design_1_i/gesture_model_0/inst/dense_1_U0/dexp_64ns_64ns_64_13_full_dsp_1_U114/gesture_model_dexp_64ns_64ns_64_13_full_dsp_1_ip_u/inst/i_synth/EXP_OP.i_sp_or_dp.OP/i_ccm_ln2/g_tables[0].i_addsub/dsp.two.dsp48e1_add_lo/i_no_versal_es1_workaround.DSP output design_1_i/gesture_model_0/inst/dense_1_U0/dexp_64ns_64ns_64_13_full_dsp_1_U114/gesture_model_dexp_64ns_64ns_64_13_full_dsp_1_ip_u/inst/i_synth/EXP_OP.i_sp_or_dp.OP/i_ccm_ln2/g_tables[0].i_addsub/dsp.two.dsp48e1_add_lo/i_no_versal_es1_workaround.DSP/P[47:0] is not pipelined (PREG=0). Pipelining the DSP48 output will improve performance and often saves power so it is suggested whenever possible to fully pipeline this function.  If this DSP48 function was inferred, it is suggested to describe an additional register stage after this function.  If the DSP48 was instantiated in the design, it is suggested to set the PREG attribute to 1.
Related violations: <none>

DPOP-3#12 Warning
PREG Output pipelining  
DSP design_1_i/gesture_model_0/inst/dense_1_U0/dexp_64ns_64ns_64_13_full_dsp_1_U114/gesture_model_dexp_64ns_64ns_64_13_full_dsp_1_ip_u/inst/i_synth/EXP_OP.i_sp_or_dp.OP/i_ccm_ln2/g_tables[1].i_addsub/dsp.two.dsp48e1_add_lo/i_no_versal_es1_workaround.DSP output design_1_i/gesture_model_0/inst/dense_1_U0/dexp_64ns_64ns_64_13_full_dsp_1_U114/gesture_model_dexp_64ns_64ns_64_13_full_dsp_1_ip_u/inst/i_synth/EXP_OP.i_sp_or_dp.OP/i_ccm_ln2/g_tables[1].i_addsub/dsp.two.dsp48e1_add_lo/i_no_versal_es1_workaround.DSP/CARRYCASCOUT is not pipelined (PREG=0). Pipelining the DSP48 output will improve performance and often saves power so it is suggested whenever possible to fully pipeline this function.  If this DSP48 function was inferred, it is suggested to describe an additional register stage after this function.  If the DSP48 was instantiated in the design, it is suggested to set the PREG attribute to 1.
Related violations: <none>

DPOP-3#13 Warning
PREG Output pipelining  
DSP design_1_i/gesture_model_0/inst/dense_1_U0/dexp_64ns_64ns_64_13_full_dsp_1_U114/gesture_model_dexp_64ns_64ns_64_13_full_dsp_1_ip_u/inst/i_synth/EXP_OP.i_sp_or_dp.OP/i_ccm_ln2/g_tables[1].i_addsub/dsp.two.dsp48e1_add_lo/i_no_versal_es1_workaround.DSP output design_1_i/gesture_model_0/inst/dense_1_U0/dexp_64ns_64ns_64_13_full_dsp_1_U114/gesture_model_dexp_64ns_64ns_64_13_full_dsp_1_ip_u/inst/i_synth/EXP_OP.i_sp_or_dp.OP/i_ccm_ln2/g_tables[1].i_addsub/dsp.two.dsp48e1_add_lo/i_no_versal_es1_workaround.DSP/P[47:0] is not pipelined (PREG=0). Pipelining the DSP48 output will improve performance and often saves power so it is suggested whenever possible to fully pipeline this function.  If this DSP48 function was inferred, it is suggested to describe an additional register stage after this function.  If the DSP48 was instantiated in the design, it is suggested to set the PREG attribute to 1.
Related violations: <none>

DPOP-3#14 Warning
PREG Output pipelining  
DSP design_1_i/gesture_model_0/inst/dense_1_U0/dexp_64ns_64ns_64_13_full_dsp_1_U114/gesture_model_dexp_64ns_64ns_64_13_full_dsp_1_ip_u/inst/i_synth/EXP_OP.i_sp_or_dp.OP/i_ccm_recip_ln2/g_tables[0].i_addsub/dsp.one.dsp48e1_add/i_no_versal_es1_workaround.DSP output design_1_i/gesture_model_0/inst/dense_1_U0/dexp_64ns_64ns_64_13_full_dsp_1_U114/gesture_model_dexp_64ns_64ns_64_13_full_dsp_1_ip_u/inst/i_synth/EXP_OP.i_sp_or_dp.OP/i_ccm_recip_ln2/g_tables[0].i_addsub/dsp.one.dsp48e1_add/i_no_versal_es1_workaround.DSP/P[47:0] is not pipelined (PREG=0). Pipelining the DSP48 output will improve performance and often saves power so it is suggested whenever possible to fully pipeline this function.  If this DSP48 function was inferred, it is suggested to describe an additional register stage after this function.  If the DSP48 was instantiated in the design, it is suggested to set the PREG attribute to 1.
Related violations: <none>

DPOP-3#15 Warning
PREG Output pipelining  
DSP design_1_i/gesture_model_0/inst/dense_1_U0/dexp_64ns_64ns_64_13_full_dsp_1_U114/gesture_model_dexp_64ns_64ns_64_13_full_dsp_1_ip_u/inst/i_synth/EXP_OP.i_sp_or_dp.OP/i_ccm_recip_ln2/g_tables[1].i_addsub/dsp.one.dsp48e1_add/i_no_versal_es1_workaround.DSP output design_1_i/gesture_model_0/inst/dense_1_U0/dexp_64ns_64ns_64_13_full_dsp_1_U114/gesture_model_dexp_64ns_64ns_64_13_full_dsp_1_ip_u/inst/i_synth/EXP_OP.i_sp_or_dp.OP/i_ccm_recip_ln2/g_tables[1].i_addsub/dsp.one.dsp48e1_add/i_no_versal_es1_workaround.DSP/P[47:0] is not pipelined (PREG=0). Pipelining the DSP48 output will improve performance and often saves power so it is suggested whenever possible to fully pipeline this function.  If this DSP48 function was inferred, it is suggested to describe an additional register stage after this function.  If the DSP48 was instantiated in the design, it is suggested to set the PREG attribute to 1.
Related violations: <none>

DPOP-3#16 Warning
PREG Output pipelining  
DSP design_1_i/gesture_model_0/inst/dense_1_U0/dexp_64ns_64ns_64_13_full_dsp_1_U114/gesture_model_dexp_64ns_64ns_64_13_full_dsp_1_ip_u/inst/i_synth/EXP_OP.i_sp_or_dp.OP/i_renorm_and_round/DSP48_E1.DSP48E1_ADD.DSP48E1_ADD/i_no_versal_es1_workaround.DSP output design_1_i/gesture_model_0/inst/dense_1_U0/dexp_64ns_64ns_64_13_full_dsp_1_U114/gesture_model_dexp_64ns_64ns_64_13_full_dsp_1_ip_u/inst/i_synth/EXP_OP.i_sp_or_dp.OP/i_renorm_and_round/DSP48_E1.DSP48E1_ADD.DSP48E1_ADD/i_no_versal_es1_workaround.DSP/P[47:0] is not pipelined (PREG=0). Pipelining the DSP48 output will improve performance and often saves power so it is suggested whenever possible to fully pipeline this function.  If this DSP48 function was inferred, it is suggested to describe an additional register stage after this function.  If the DSP48 was instantiated in the design, it is suggested to set the PREG attribute to 1.
Related violations: <none>

DPOP-4#1 Warning
MREG Output pipelining  
DSP design_1_i/gesture_model_0/inst/batch_normalization_0_U0/r_V_8_reg_1628_reg multiplier stage design_1_i/gesture_model_0/inst/batch_normalization_0_U0/r_V_8_reg_1628_reg/P[47:0] is not pipelined (MREG=0). Pipelining the multiplier function will improve performance and will save significant power so it is suggested whenever possible to fully pipeline this function.  If this multiplier was inferred, it is suggested to describe an additional register stage after this function.  If there is no registered adder/accumulator following the multiply function, two pipeline stages are suggested to allow both the MREG and PREG registers to be used.  If the DSP48 was instantiated in the design, it is suggested to set both the MREG and PREG attributes to 1 when performing multiply functions.
Related violations: <none>

DPOP-4#2 Warning
MREG Output pipelining  
DSP design_1_i/gesture_model_0/inst/batch_normalization_0_U0/r_V_8_reg_1628_reg__0 multiplier stage design_1_i/gesture_model_0/inst/batch_normalization_0_U0/r_V_8_reg_1628_reg__0/P[47:0] is not pipelined (MREG=0). Pipelining the multiplier function will improve performance and will save significant power so it is suggested whenever possible to fully pipeline this function.  If this multiplier was inferred, it is suggested to describe an additional register stage after this function.  If there is no registered adder/accumulator following the multiply function, two pipeline stages are suggested to allow both the MREG and PREG registers to be used.  If the DSP48 was instantiated in the design, it is suggested to set both the MREG and PREG attributes to 1 when performing multiply functions.
Related violations: <none>

DPOP-4#3 Warning
MREG Output pipelining  
DSP design_1_i/gesture_model_0/inst/batch_normalization_1_U0/r_V_5_reg_1477_reg multiplier stage design_1_i/gesture_model_0/inst/batch_normalization_1_U0/r_V_5_reg_1477_reg/P[47:0] is not pipelined (MREG=0). Pipelining the multiplier function will improve performance and will save significant power so it is suggested whenever possible to fully pipeline this function.  If this multiplier was inferred, it is suggested to describe an additional register stage after this function.  If there is no registered adder/accumulator following the multiply function, two pipeline stages are suggested to allow both the MREG and PREG registers to be used.  If the DSP48 was instantiated in the design, it is suggested to set both the MREG and PREG attributes to 1 when performing multiply functions.
Related violations: <none>

DPOP-4#4 Warning
MREG Output pipelining  
DSP design_1_i/gesture_model_0/inst/batch_normalization_1_U0/r_V_5_reg_1477_reg__0 multiplier stage design_1_i/gesture_model_0/inst/batch_normalization_1_U0/r_V_5_reg_1477_reg__0/P[47:0] is not pipelined (MREG=0). Pipelining the multiplier function will improve performance and will save significant power so it is suggested whenever possible to fully pipeline this function.  If this multiplier was inferred, it is suggested to describe an additional register stage after this function.  If there is no registered adder/accumulator following the multiply function, two pipeline stages are suggested to allow both the MREG and PREG registers to be used.  If the DSP48 was instantiated in the design, it is suggested to set both the MREG and PREG attributes to 1 when performing multiply functions.
Related violations: <none>

DPOP-4#5 Warning
MREG Output pipelining  
DSP design_1_i/gesture_model_0/inst/dense_1_U0/dexp_64ns_64ns_64_13_full_dsp_1_U114/gesture_model_dexp_64ns_64ns_64_13_full_dsp_1_ip_u/inst/i_synth/EXP_OP.i_sp_or_dp.OP/g_Fr_other.i_calculate_Fr/dsp_extra_fabric_adder.mult_with_add_low/use_prim.appDSP48[2].bppDSP48[1].use_dsp.use_dsp48e2.iDSP48E2 multiplier stage design_1_i/gesture_model_0/inst/dense_1_U0/dexp_64ns_64ns_64_13_full_dsp_1_U114/gesture_model_dexp_64ns_64ns_64_13_full_dsp_1_ip_u/inst/i_synth/EXP_OP.i_sp_or_dp.OP/g_Fr_other.i_calculate_Fr/dsp_extra_fabric_adder.mult_with_add_low/use_prim.appDSP48[2].bppDSP48[1].use_dsp.use_dsp48e2.iDSP48E2/P[47:0] is not pipelined (MREG=0). Pipelining the multiplier function will improve performance and will save significant power so it is suggested whenever possible to fully pipeline this function.  If this multiplier was inferred, it is suggested to describe an additional register stage after this function.  If there is no registered adder/accumulator following the multiply function, two pipeline stages are suggested to allow both the MREG and PREG registers to be used.  If the DSP48 was instantiated in the design, it is suggested to set both the MREG and PREG attributes to 1 when performing multiply functions.
Related violations: <none>

DPOP-4#6 Warning
MREG Output pipelining  
DSP design_1_i/gesture_model_0/inst/dense_1_U0/dexp_64ns_64ns_64_13_full_dsp_1_U114/gesture_model_dexp_64ns_64ns_64_13_full_dsp_1_ip_u/inst/i_synth/EXP_OP.i_sp_or_dp.OP/g_Fr_other.i_calculate_Fr/dsp_extra_fabric_adder.mult_with_add_low/use_prim.appDSP48[2].bppDSP48[2].use_dsp.use_dsp48e2.iDSP48E2 multiplier stage design_1_i/gesture_model_0/inst/dense_1_U0/dexp_64ns_64ns_64_13_full_dsp_1_U114/gesture_model_dexp_64ns_64ns_64_13_full_dsp_1_ip_u/inst/i_synth/EXP_OP.i_sp_or_dp.OP/g_Fr_other.i_calculate_Fr/dsp_extra_fabric_adder.mult_with_add_low/use_prim.appDSP48[2].bppDSP48[2].use_dsp.use_dsp48e2.iDSP48E2/P[47:0] is not pipelined (MREG=0). Pipelining the multiplier function will improve performance and will save significant power so it is suggested whenever possible to fully pipeline this function.  If this multiplier was inferred, it is suggested to describe an additional register stage after this function.  If there is no registered adder/accumulator following the multiply function, two pipeline stages are suggested to allow both the MREG and PREG registers to be used.  If the DSP48 was instantiated in the design, it is suggested to set both the MREG and PREG attributes to 1 when performing multiply functions.
Related violations: <none>

DPOP-4#7 Warning
MREG Output pipelining  
DSP design_1_i/gesture_model_0/inst/dense_1_U0/dexp_64ns_64ns_64_13_full_dsp_1_U114/gesture_model_dexp_64ns_64ns_64_13_full_dsp_1_ip_u/inst/i_synth/EXP_OP.i_sp_or_dp.OP/i_calculate_e2zmzm1/g_dp.i_polyomial/g_struct.multadd_1.madd/dsp_extra_fabric_adder.mult_with_add_low/use_prim.appDSP48[0].bppDSP48[1].use_dsp.use_dsp48e2.iDSP48E2 multiplier stage design_1_i/gesture_model_0/inst/dense_1_U0/dexp_64ns_64ns_64_13_full_dsp_1_U114/gesture_model_dexp_64ns_64ns_64_13_full_dsp_1_ip_u/inst/i_synth/EXP_OP.i_sp_or_dp.OP/i_calculate_e2zmzm1/g_dp.i_polyomial/g_struct.multadd_1.madd/dsp_extra_fabric_adder.mult_with_add_low/use_prim.appDSP48[0].bppDSP48[1].use_dsp.use_dsp48e2.iDSP48E2/P[47:0] is not pipelined (MREG=0). Pipelining the multiplier function will improve performance and will save significant power so it is suggested whenever possible to fully pipeline this function.  If this multiplier was inferred, it is suggested to describe an additional register stage after this function.  If there is no registered adder/accumulator following the multiply function, two pipeline stages are suggested to allow both the MREG and PREG registers to be used.  If the DSP48 was instantiated in the design, it is suggested to set both the MREG and PREG attributes to 1 when performing multiply functions.
Related violations: <none>

DPOP-4#8 Warning
MREG Output pipelining  
DSP design_1_i/gesture_model_0/inst/dense_1_U0/dexp_64ns_64ns_64_13_full_dsp_1_U114/gesture_model_dexp_64ns_64ns_64_13_full_dsp_1_ip_u/inst/i_synth/EXP_OP.i_sp_or_dp.OP/i_calculate_e2zmzm1/g_dp.i_polyomial/g_struct.multadd_2.madd/dsp_extra_fabric_adder.mult_with_add_low/use_prim.appDSP48[1].bppDSP48[0].use_dsp.use_dsp48e2.iDSP48E2 multiplier stage design_1_i/gesture_model_0/inst/dense_1_U0/dexp_64ns_64ns_64_13_full_dsp_1_U114/gesture_model_dexp_64ns_64ns_64_13_full_dsp_1_ip_u/inst/i_synth/EXP_OP.i_sp_or_dp.OP/i_calculate_e2zmzm1/g_dp.i_polyomial/g_struct.multadd_2.madd/dsp_extra_fabric_adder.mult_with_add_low/use_prim.appDSP48[1].bppDSP48[0].use_dsp.use_dsp48e2.iDSP48E2/P[47:0] is not pipelined (MREG=0). Pipelining the multiplier function will improve performance and will save significant power so it is suggested whenever possible to fully pipeline this function.  If this multiplier was inferred, it is suggested to describe an additional register stage after this function.  If there is no registered adder/accumulator following the multiply function, two pipeline stages are suggested to allow both the MREG and PREG registers to be used.  If the DSP48 was instantiated in the design, it is suggested to set both the MREG and PREG attributes to 1 when performing multiply functions.
Related violations: <none>

DPOP-4#9 Warning
MREG Output pipelining  
DSP design_1_i/gesture_model_0/inst/dense_1_U0/dexp_64ns_64ns_64_13_full_dsp_1_U114/gesture_model_dexp_64ns_64ns_64_13_full_dsp_1_ip_u/inst/i_synth/EXP_OP.i_sp_or_dp.OP/i_calculate_e2zmzm1/g_dp.i_polyomial/g_struct.multadd_2.madd/dsp_extra_fabric_adder.mult_with_add_low/use_prim.appDSP48[1].bppDSP48[1].use_dsp.use_dsp48e2.iDSP48E2 multiplier stage design_1_i/gesture_model_0/inst/dense_1_U0/dexp_64ns_64ns_64_13_full_dsp_1_U114/gesture_model_dexp_64ns_64ns_64_13_full_dsp_1_ip_u/inst/i_synth/EXP_OP.i_sp_or_dp.OP/i_calculate_e2zmzm1/g_dp.i_polyomial/g_struct.multadd_2.madd/dsp_extra_fabric_adder.mult_with_add_low/use_prim.appDSP48[1].bppDSP48[1].use_dsp.use_dsp48e2.iDSP48E2/P[47:0] is not pipelined (MREG=0). Pipelining the multiplier function will improve performance and will save significant power so it is suggested whenever possible to fully pipeline this function.  If this multiplier was inferred, it is suggested to describe an additional register stage after this function.  If there is no registered adder/accumulator following the multiply function, two pipeline stages are suggested to allow both the MREG and PREG registers to be used.  If the DSP48 was instantiated in the design, it is suggested to set both the MREG and PREG attributes to 1 when performing multiply functions.
Related violations: <none>

DPOP-4#10 Warning
MREG Output pipelining  
DSP design_1_i/gesture_model_0/inst/dense_1_U0/grp_dense_1_Pipeline_VITIS_LOOP_109_1_fu_233/mul_mul_24s_19s_43_4_1_U55/gesture_model_mul_mul_24s_19s_43_4_1_DSP48_1_U/p_reg_tmp_reg multiplier stage design_1_i/gesture_model_0/inst/dense_1_U0/grp_dense_1_Pipeline_VITIS_LOOP_109_1_fu_233/mul_mul_24s_19s_43_4_1_U55/gesture_model_mul_mul_24s_19s_43_4_1_DSP48_1_U/p_reg_tmp_reg/P[47:0] is not pipelined (MREG=0). Pipelining the multiplier function will improve performance and will save significant power so it is suggested whenever possible to fully pipeline this function.  If this multiplier was inferred, it is suggested to describe an additional register stage after this function.  If there is no registered adder/accumulator following the multiply function, two pipeline stages are suggested to allow both the MREG and PREG registers to be used.  If the DSP48 was instantiated in the design, it is suggested to set both the MREG and PREG attributes to 1 when performing multiply functions.
Related violations: <none>

DPOP-4#11 Warning
MREG Output pipelining  
DSP design_1_i/gesture_model_0/inst/dense_1_U0/grp_dense_1_Pipeline_VITIS_LOOP_109_1_fu_233/mul_mul_24s_19s_43_4_1_U56/gesture_model_mul_mul_24s_19s_43_4_1_DSP48_1_U/p_reg_tmp_reg multiplier stage design_1_i/gesture_model_0/inst/dense_1_U0/grp_dense_1_Pipeline_VITIS_LOOP_109_1_fu_233/mul_mul_24s_19s_43_4_1_U56/gesture_model_mul_mul_24s_19s_43_4_1_DSP48_1_U/p_reg_tmp_reg/P[47:0] is not pipelined (MREG=0). Pipelining the multiplier function will improve performance and will save significant power so it is suggested whenever possible to fully pipeline this function.  If this multiplier was inferred, it is suggested to describe an additional register stage after this function.  If there is no registered adder/accumulator following the multiply function, two pipeline stages are suggested to allow both the MREG and PREG registers to be used.  If the DSP48 was instantiated in the design, it is suggested to set both the MREG and PREG attributes to 1 when performing multiply functions.
Related violations: <none>

DPOP-4#12 Warning
MREG Output pipelining  
DSP design_1_i/gesture_model_0/inst/dense_1_U0/grp_dense_1_Pipeline_VITIS_LOOP_109_1_fu_233/mul_mul_24s_19s_43_4_1_U57/gesture_model_mul_mul_24s_19s_43_4_1_DSP48_1_U/p_reg_tmp_reg multiplier stage design_1_i/gesture_model_0/inst/dense_1_U0/grp_dense_1_Pipeline_VITIS_LOOP_109_1_fu_233/mul_mul_24s_19s_43_4_1_U57/gesture_model_mul_mul_24s_19s_43_4_1_DSP48_1_U/p_reg_tmp_reg/P[47:0] is not pipelined (MREG=0). Pipelining the multiplier function will improve performance and will save significant power so it is suggested whenever possible to fully pipeline this function.  If this multiplier was inferred, it is suggested to describe an additional register stage after this function.  If there is no registered adder/accumulator following the multiply function, two pipeline stages are suggested to allow both the MREG and PREG registers to be used.  If the DSP48 was instantiated in the design, it is suggested to set both the MREG and PREG attributes to 1 when performing multiply functions.
Related violations: <none>

DPOP-4#13 Warning
MREG Output pipelining  
DSP design_1_i/gesture_model_0/inst/dense_1_U0/grp_dense_1_Pipeline_VITIS_LOOP_109_1_fu_233/mul_mul_24s_19s_43_4_1_U58/gesture_model_mul_mul_24s_19s_43_4_1_DSP48_1_U/p_reg_tmp_reg multiplier stage design_1_i/gesture_model_0/inst/dense_1_U0/grp_dense_1_Pipeline_VITIS_LOOP_109_1_fu_233/mul_mul_24s_19s_43_4_1_U58/gesture_model_mul_mul_24s_19s_43_4_1_DSP48_1_U/p_reg_tmp_reg/P[47:0] is not pipelined (MREG=0). Pipelining the multiplier function will improve performance and will save significant power so it is suggested whenever possible to fully pipeline this function.  If this multiplier was inferred, it is suggested to describe an additional register stage after this function.  If there is no registered adder/accumulator following the multiply function, two pipeline stages are suggested to allow both the MREG and PREG registers to be used.  If the DSP48 was instantiated in the design, it is suggested to set both the MREG and PREG attributes to 1 when performing multiply functions.
Related violations: <none>

DPOP-4#14 Warning
MREG Output pipelining  
DSP design_1_i/gesture_model_0/inst/dense_1_U0/grp_dense_1_Pipeline_VITIS_LOOP_109_1_fu_233/mul_mul_24s_19s_43_4_1_U59/gesture_model_mul_mul_24s_19s_43_4_1_DSP48_1_U/p_reg_tmp_reg multiplier stage design_1_i/gesture_model_0/inst/dense_1_U0/grp_dense_1_Pipeline_VITIS_LOOP_109_1_fu_233/mul_mul_24s_19s_43_4_1_U59/gesture_model_mul_mul_24s_19s_43_4_1_DSP48_1_U/p_reg_tmp_reg/P[47:0] is not pipelined (MREG=0). Pipelining the multiplier function will improve performance and will save significant power so it is suggested whenever possible to fully pipeline this function.  If this multiplier was inferred, it is suggested to describe an additional register stage after this function.  If there is no registered adder/accumulator following the multiply function, two pipeline stages are suggested to allow both the MREG and PREG registers to be used.  If the DSP48 was instantiated in the design, it is suggested to set both the MREG and PREG attributes to 1 when performing multiply functions.
Related violations: <none>

DPOP-4#15 Warning
MREG Output pipelining  
DSP design_1_i/gesture_model_0/inst/dense_1_U0/grp_dense_1_Pipeline_VITIS_LOOP_109_1_fu_233/mul_mul_24s_19s_43_4_1_U60/gesture_model_mul_mul_24s_19s_43_4_1_DSP48_1_U/p_reg_tmp_reg multiplier stage design_1_i/gesture_model_0/inst/dense_1_U0/grp_dense_1_Pipeline_VITIS_LOOP_109_1_fu_233/mul_mul_24s_19s_43_4_1_U60/gesture_model_mul_mul_24s_19s_43_4_1_DSP48_1_U/p_reg_tmp_reg/P[47:0] is not pipelined (MREG=0). Pipelining the multiplier function will improve performance and will save significant power so it is suggested whenever possible to fully pipeline this function.  If this multiplier was inferred, it is suggested to describe an additional register stage after this function.  If there is no registered adder/accumulator following the multiply function, two pipeline stages are suggested to allow both the MREG and PREG registers to be used.  If the DSP48 was instantiated in the design, it is suggested to set both the MREG and PREG attributes to 1 when performing multiply functions.
Related violations: <none>

DPOP-4#16 Warning
MREG Output pipelining  
DSP design_1_i/gesture_model_0/inst/dense_1_U0/grp_dense_1_Pipeline_VITIS_LOOP_109_1_fu_233/mul_mul_24s_19s_43_4_1_U61/gesture_model_mul_mul_24s_19s_43_4_1_DSP48_1_U/p_reg_tmp_reg multiplier stage design_1_i/gesture_model_0/inst/dense_1_U0/grp_dense_1_Pipeline_VITIS_LOOP_109_1_fu_233/mul_mul_24s_19s_43_4_1_U61/gesture_model_mul_mul_24s_19s_43_4_1_DSP48_1_U/p_reg_tmp_reg/P[47:0] is not pipelined (MREG=0). Pipelining the multiplier function will improve performance and will save significant power so it is suggested whenever possible to fully pipeline this function.  If this multiplier was inferred, it is suggested to describe an additional register stage after this function.  If there is no registered adder/accumulator following the multiply function, two pipeline stages are suggested to allow both the MREG and PREG registers to be used.  If the DSP48 was instantiated in the design, it is suggested to set both the MREG and PREG attributes to 1 when performing multiply functions.
Related violations: <none>

DPOP-4#17 Warning
MREG Output pipelining  
DSP design_1_i/gesture_model_0/inst/dense_1_U0/grp_dense_1_Pipeline_VITIS_LOOP_109_1_fu_233/mul_mul_24s_19s_43_4_1_U62/gesture_model_mul_mul_24s_19s_43_4_1_DSP48_1_U/p_reg_tmp_reg multiplier stage design_1_i/gesture_model_0/inst/dense_1_U0/grp_dense_1_Pipeline_VITIS_LOOP_109_1_fu_233/mul_mul_24s_19s_43_4_1_U62/gesture_model_mul_mul_24s_19s_43_4_1_DSP48_1_U/p_reg_tmp_reg/P[47:0] is not pipelined (MREG=0). Pipelining the multiplier function will improve performance and will save significant power so it is suggested whenever possible to fully pipeline this function.  If this multiplier was inferred, it is suggested to describe an additional register stage after this function.  If there is no registered adder/accumulator following the multiply function, two pipeline stages are suggested to allow both the MREG and PREG registers to be used.  If the DSP48 was instantiated in the design, it is suggested to set both the MREG and PREG attributes to 1 when performing multiply functions.
Related violations: <none>

DPOP-4#18 Warning
MREG Output pipelining  
DSP design_1_i/gesture_model_0/inst/dense_1_U0/grp_dense_1_Pipeline_VITIS_LOOP_109_1_fu_233/mul_mul_24s_19s_43_4_1_U63/gesture_model_mul_mul_24s_19s_43_4_1_DSP48_1_U/p_reg_tmp_reg multiplier stage design_1_i/gesture_model_0/inst/dense_1_U0/grp_dense_1_Pipeline_VITIS_LOOP_109_1_fu_233/mul_mul_24s_19s_43_4_1_U63/gesture_model_mul_mul_24s_19s_43_4_1_DSP48_1_U/p_reg_tmp_reg/P[47:0] is not pipelined (MREG=0). Pipelining the multiplier function will improve performance and will save significant power so it is suggested whenever possible to fully pipeline this function.  If this multiplier was inferred, it is suggested to describe an additional register stage after this function.  If there is no registered adder/accumulator following the multiply function, two pipeline stages are suggested to allow both the MREG and PREG registers to be used.  If the DSP48 was instantiated in the design, it is suggested to set both the MREG and PREG attributes to 1 when performing multiply functions.
Related violations: <none>

DPOP-4#19 Warning
MREG Output pipelining  
DSP design_1_i/gesture_model_0/inst/dense_1_U0/grp_dense_1_Pipeline_VITIS_LOOP_109_1_fu_233/mul_mul_24s_19s_43_4_1_U64/gesture_model_mul_mul_24s_19s_43_4_1_DSP48_1_U/p_reg_tmp_reg multiplier stage design_1_i/gesture_model_0/inst/dense_1_U0/grp_dense_1_Pipeline_VITIS_LOOP_109_1_fu_233/mul_mul_24s_19s_43_4_1_U64/gesture_model_mul_mul_24s_19s_43_4_1_DSP48_1_U/p_reg_tmp_reg/P[47:0] is not pipelined (MREG=0). Pipelining the multiplier function will improve performance and will save significant power so it is suggested whenever possible to fully pipeline this function.  If this multiplier was inferred, it is suggested to describe an additional register stage after this function.  If there is no registered adder/accumulator following the multiply function, two pipeline stages are suggested to allow both the MREG and PREG registers to be used.  If the DSP48 was instantiated in the design, it is suggested to set both the MREG and PREG attributes to 1 when performing multiply functions.
Related violations: <none>

DPOP-4#20 Warning
MREG Output pipelining  
DSP design_1_i/gesture_model_0/inst/dense_1_U0/grp_dense_1_Pipeline_VITIS_LOOP_109_1_fu_233/mul_mul_24s_19s_43_4_1_U65/gesture_model_mul_mul_24s_19s_43_4_1_DSP48_1_U/p_reg_tmp_reg multiplier stage design_1_i/gesture_model_0/inst/dense_1_U0/grp_dense_1_Pipeline_VITIS_LOOP_109_1_fu_233/mul_mul_24s_19s_43_4_1_U65/gesture_model_mul_mul_24s_19s_43_4_1_DSP48_1_U/p_reg_tmp_reg/P[47:0] is not pipelined (MREG=0). Pipelining the multiplier function will improve performance and will save significant power so it is suggested whenever possible to fully pipeline this function.  If this multiplier was inferred, it is suggested to describe an additional register stage after this function.  If there is no registered adder/accumulator following the multiply function, two pipeline stages are suggested to allow both the MREG and PREG registers to be used.  If the DSP48 was instantiated in the design, it is suggested to set both the MREG and PREG attributes to 1 when performing multiply functions.
Related violations: <none>

DPOP-4#21 Warning
MREG Output pipelining  
DSP design_1_i/gesture_model_0/inst/dense_1_U0/grp_dense_1_Pipeline_VITIS_LOOP_109_1_fu_233/mul_mul_24s_19s_43_4_1_U66/gesture_model_mul_mul_24s_19s_43_4_1_DSP48_1_U/p_reg_tmp_reg multiplier stage design_1_i/gesture_model_0/inst/dense_1_U0/grp_dense_1_Pipeline_VITIS_LOOP_109_1_fu_233/mul_mul_24s_19s_43_4_1_U66/gesture_model_mul_mul_24s_19s_43_4_1_DSP48_1_U/p_reg_tmp_reg/P[47:0] is not pipelined (MREG=0). Pipelining the multiplier function will improve performance and will save significant power so it is suggested whenever possible to fully pipeline this function.  If this multiplier was inferred, it is suggested to describe an additional register stage after this function.  If there is no registered adder/accumulator following the multiply function, two pipeline stages are suggested to allow both the MREG and PREG registers to be used.  If the DSP48 was instantiated in the design, it is suggested to set both the MREG and PREG attributes to 1 when performing multiply functions.
Related violations: <none>

DPOP-4#22 Warning
MREG Output pipelining  
DSP design_1_i/gesture_model_0/inst/dense_1_U0/grp_dense_1_Pipeline_VITIS_LOOP_109_1_fu_233/mul_mul_24s_19s_43_4_1_U67/gesture_model_mul_mul_24s_19s_43_4_1_DSP48_1_U/p_reg_tmp_reg multiplier stage design_1_i/gesture_model_0/inst/dense_1_U0/grp_dense_1_Pipeline_VITIS_LOOP_109_1_fu_233/mul_mul_24s_19s_43_4_1_U67/gesture_model_mul_mul_24s_19s_43_4_1_DSP48_1_U/p_reg_tmp_reg/P[47:0] is not pipelined (MREG=0). Pipelining the multiplier function will improve performance and will save significant power so it is suggested whenever possible to fully pipeline this function.  If this multiplier was inferred, it is suggested to describe an additional register stage after this function.  If there is no registered adder/accumulator following the multiply function, two pipeline stages are suggested to allow both the MREG and PREG registers to be used.  If the DSP48 was instantiated in the design, it is suggested to set both the MREG and PREG attributes to 1 when performing multiply functions.
Related violations: <none>

DPOP-4#23 Warning
MREG Output pipelining  
DSP design_1_i/gesture_model_0/inst/dense_1_U0/grp_dense_1_Pipeline_VITIS_LOOP_109_1_fu_233/mul_mul_24s_19s_43_4_1_U68/gesture_model_mul_mul_24s_19s_43_4_1_DSP48_1_U/p_reg_tmp_reg multiplier stage design_1_i/gesture_model_0/inst/dense_1_U0/grp_dense_1_Pipeline_VITIS_LOOP_109_1_fu_233/mul_mul_24s_19s_43_4_1_U68/gesture_model_mul_mul_24s_19s_43_4_1_DSP48_1_U/p_reg_tmp_reg/P[47:0] is not pipelined (MREG=0). Pipelining the multiplier function will improve performance and will save significant power so it is suggested whenever possible to fully pipeline this function.  If this multiplier was inferred, it is suggested to describe an additional register stage after this function.  If there is no registered adder/accumulator following the multiply function, two pipeline stages are suggested to allow both the MREG and PREG registers to be used.  If the DSP48 was instantiated in the design, it is suggested to set both the MREG and PREG attributes to 1 when performing multiply functions.
Related violations: <none>

DPOP-4#24 Warning
MREG Output pipelining  
DSP design_1_i/gesture_model_0/inst/dense_1_U0/grp_dense_1_Pipeline_VITIS_LOOP_109_1_fu_233/mul_mul_24s_19s_43_4_1_U69/gesture_model_mul_mul_24s_19s_43_4_1_DSP48_1_U/p_reg_tmp_reg multiplier stage design_1_i/gesture_model_0/inst/dense_1_U0/grp_dense_1_Pipeline_VITIS_LOOP_109_1_fu_233/mul_mul_24s_19s_43_4_1_U69/gesture_model_mul_mul_24s_19s_43_4_1_DSP48_1_U/p_reg_tmp_reg/P[47:0] is not pipelined (MREG=0). Pipelining the multiplier function will improve performance and will save significant power so it is suggested whenever possible to fully pipeline this function.  If this multiplier was inferred, it is suggested to describe an additional register stage after this function.  If there is no registered adder/accumulator following the multiply function, two pipeline stages are suggested to allow both the MREG and PREG registers to be used.  If the DSP48 was instantiated in the design, it is suggested to set both the MREG and PREG attributes to 1 when performing multiply functions.
Related violations: <none>

DPOP-4#25 Warning
MREG Output pipelining  
DSP design_1_i/gesture_model_0/inst/dense_1_U0/grp_dense_1_Pipeline_VITIS_LOOP_109_1_fu_233/mul_mul_24s_19s_43_4_1_U70/gesture_model_mul_mul_24s_19s_43_4_1_DSP48_1_U/p_reg_tmp_reg multiplier stage design_1_i/gesture_model_0/inst/dense_1_U0/grp_dense_1_Pipeline_VITIS_LOOP_109_1_fu_233/mul_mul_24s_19s_43_4_1_U70/gesture_model_mul_mul_24s_19s_43_4_1_DSP48_1_U/p_reg_tmp_reg/P[47:0] is not pipelined (MREG=0). Pipelining the multiplier function will improve performance and will save significant power so it is suggested whenever possible to fully pipeline this function.  If this multiplier was inferred, it is suggested to describe an additional register stage after this function.  If there is no registered adder/accumulator following the multiply function, two pipeline stages are suggested to allow both the MREG and PREG registers to be used.  If the DSP48 was instantiated in the design, it is suggested to set both the MREG and PREG attributes to 1 when performing multiply functions.
Related violations: <none>

REQP-1935#1 Warning
RAMB36E2_nochange_collision_advisory  
Synchronous clocking is detected for BRAM (design_1_i/axi_dma_0/U0/I_PRMRY_DATAMOVER/GEN_MM2S_FULL.I_MM2S_FULL_WRAPPER/GEN_INCLUDE_MM2S_SF.I_RD_SF/I_DATA_FIFO/BLK_MEM.I_SYNC_FIFOGEN_FIFO/xpm_fifo_instance.xpm_fifo_sync_inst/xpm_fifo_base_inst/gen_sdpram.xpm_memory_base_inst/gen_wr_a.gen_word_narrow.mem_reg) in SDP mode with NO_CHANGE write-mode. This is the preferred mode for best power characteristics. However, NO_CHANGE may exhibit address collisions if the same address appears on both read and write ports resulting in unknown or corrupted read data. It is suggested to confirm via simulation that an address collision never occurs and if so it is suggested to try and avoid this situation. If address collisions cannot be avoided, the write-mode may be set to READ_FIRST which guarantees that the read data is the prior contents of the memory at the cost of additional power in the design. See the FPGA Memory Resources User Guide for additional information.
Related violations: <none>

REQP-1935#2 Warning
RAMB36E2_nochange_collision_advisory  
Synchronous clocking is detected for BRAM (design_1_i/axi_dma_0/U0/I_PRMRY_DATAMOVER/GEN_S2MM_FULL.I_S2MM_FULL_WRAPPER/GEN_ENABLE_INDET_BTT_SF.I_INDET_BTT/I_DATA_FIFO/BLK_MEM.I_SYNC_FIFOGEN_FIFO/xpm_fifo_instance.xpm_fifo_sync_inst/xpm_fifo_base_inst/gen_sdpram.xpm_memory_base_inst/gen_wr_a.gen_word_narrow.mem_reg) in SDP mode with NO_CHANGE write-mode. This is the preferred mode for best power characteristics. However, NO_CHANGE may exhibit address collisions if the same address appears on both read and write ports resulting in unknown or corrupted read data. It is suggested to confirm via simulation that an address collision never occurs and if so it is suggested to try and avoid this situation. If address collisions cannot be avoided, the write-mode may be set to READ_FIRST which guarantees that the read data is the prior contents of the memory at the cost of additional power in the design. See the FPGA Memory Resources User Guide for additional information.
Related violations: <none>

AVAL-155#1 Advisory
enum_AMULTSEL_BMULTSEL_enum_DREG_ADREG_0_connects_CED_CEAD_RSTD_GND  
design_1_i/gesture_model_0/inst/dense_1_U0/dexp_64ns_64ns_64_13_full_dsp_1_U114/gesture_model_dexp_64ns_64ns_64_13_full_dsp_1_ip_u/inst/i_synth/EXP_OP.i_sp_or_dp.OP/g_Fr_other.i_calculate_e2zm1/dsp.one.dsp48e1_add/i_no_versal_es1_workaround.DSP: DSP48E2 is not using the D port (AMULTSEL = A and BMULTSEL = B). For improved power characteristics, set DREG and ADREG to '1', tie CED, CEAD, and RSTD to logic '0'.
Related violations: <none>

AVAL-155#2 Advisory
enum_AMULTSEL_BMULTSEL_enum_DREG_ADREG_0_connects_CED_CEAD_RSTD_GND  
design_1_i/gesture_model_0/inst/dense_1_U0/dexp_64ns_64ns_64_13_full_dsp_1_U114/gesture_model_dexp_64ns_64ns_64_13_full_dsp_1_ip_u/inst/i_synth/EXP_OP.i_sp_or_dp.OP/i_calculate_Xf/dsp.two.dsp48e1_add_hi/i_no_versal_es1_workaround.DSP: DSP48E2 is not using the D port (AMULTSEL = A and BMULTSEL = B). For improved power characteristics, set DREG and ADREG to '1', tie CED, CEAD, and RSTD to logic '0'.
Related violations: <none>

AVAL-155#3 Advisory
enum_AMULTSEL_BMULTSEL_enum_DREG_ADREG_0_connects_CED_CEAD_RSTD_GND  
design_1_i/gesture_model_0/inst/dense_1_U0/dexp_64ns_64ns_64_13_full_dsp_1_U114/gesture_model_dexp_64ns_64ns_64_13_full_dsp_1_ip_u/inst/i_synth/EXP_OP.i_sp_or_dp.OP/i_calculate_Xf/dsp.two.dsp48e1_add_lo/i_no_versal_es1_workaround.DSP: DSP48E2 is not using the D port (AMULTSEL = A and BMULTSEL = B). For improved power characteristics, set DREG and ADREG to '1', tie CED, CEAD, and RSTD to logic '0'.
Related violations: <none>

AVAL-155#4 Advisory
enum_AMULTSEL_BMULTSEL_enum_DREG_ADREG_0_connects_CED_CEAD_RSTD_GND  
design_1_i/gesture_model_0/inst/dense_1_U0/dexp_64ns_64ns_64_13_full_dsp_1_U114/gesture_model_dexp_64ns_64ns_64_13_full_dsp_1_ip_u/inst/i_synth/EXP_OP.i_sp_or_dp.OP/i_ccm_ln2/g_tables[0].i_addsub/dsp.two.dsp48e1_add_hi/i_no_versal_es1_workaround.DSP: DSP48E2 is not using the D port (AMULTSEL = A and BMULTSEL = B). For improved power characteristics, set DREG and ADREG to '1', tie CED, CEAD, and RSTD to logic '0'.
Related violations: <none>

AVAL-155#5 Advisory
enum_AMULTSEL_BMULTSEL_enum_DREG_ADREG_0_connects_CED_CEAD_RSTD_GND  
design_1_i/gesture_model_0/inst/dense_1_U0/dexp_64ns_64ns_64_13_full_dsp_1_U114/gesture_model_dexp_64ns_64ns_64_13_full_dsp_1_ip_u/inst/i_synth/EXP_OP.i_sp_or_dp.OP/i_ccm_ln2/g_tables[0].i_addsub/dsp.two.dsp48e1_add_lo/i_no_versal_es1_workaround.DSP: DSP48E2 is not using the D port (AMULTSEL = A and BMULTSEL = B). For improved power characteristics, set DREG and ADREG to '1', tie CED, CEAD, and RSTD to logic '0'.
Related violations: <none>

AVAL-155#6 Advisory
enum_AMULTSEL_BMULTSEL_enum_DREG_ADREG_0_connects_CED_CEAD_RSTD_GND  
design_1_i/gesture_model_0/inst/dense_1_U0/dexp_64ns_64ns_64_13_full_dsp_1_U114/gesture_model_dexp_64ns_64ns_64_13_full_dsp_1_ip_u/inst/i_synth/EXP_OP.i_sp_or_dp.OP/i_ccm_ln2/g_tables[1].i_addsub/dsp.two.dsp48e1_add_hi/i_no_versal_es1_workaround.DSP: DSP48E2 is not using the D port (AMULTSEL = A and BMULTSEL = B). For improved power characteristics, set DREG and ADREG to '1', tie CED, CEAD, and RSTD to logic '0'.
Related violations: <none>

AVAL-155#7 Advisory
enum_AMULTSEL_BMULTSEL_enum_DREG_ADREG_0_connects_CED_CEAD_RSTD_GND  
design_1_i/gesture_model_0/inst/dense_1_U0/dexp_64ns_64ns_64_13_full_dsp_1_U114/gesture_model_dexp_64ns_64ns_64_13_full_dsp_1_ip_u/inst/i_synth/EXP_OP.i_sp_or_dp.OP/i_ccm_ln2/g_tables[1].i_addsub/dsp.two.dsp48e1_add_lo/i_no_versal_es1_workaround.DSP: DSP48E2 is not using the D port (AMULTSEL = A and BMULTSEL = B). For improved power characteristics, set DREG and ADREG to '1', tie CED, CEAD, and RSTD to logic '0'.
Related violations: <none>

AVAL-155#8 Advisory
enum_AMULTSEL_BMULTSEL_enum_DREG_ADREG_0_connects_CED_CEAD_RSTD_GND  
design_1_i/gesture_model_0/inst/dense_1_U0/dexp_64ns_64ns_64_13_full_dsp_1_U114/gesture_model_dexp_64ns_64ns_64_13_full_dsp_1_ip_u/inst/i_synth/EXP_OP.i_sp_or_dp.OP/i_ccm_recip_ln2/g_tables[0].i_addsub/dsp.one.dsp48e1_add/i_no_versal_es1_workaround.DSP: DSP48E2 is not using the D port (AMULTSEL = A and BMULTSEL = B). For improved power characteristics, set DREG and ADREG to '1', tie CED, CEAD, and RSTD to logic '0'.
Related violations: <none>

AVAL-155#9 Advisory
enum_AMULTSEL_BMULTSEL_enum_DREG_ADREG_0_connects_CED_CEAD_RSTD_GND  
design_1_i/gesture_model_0/inst/dense_1_U0/dexp_64ns_64ns_64_13_full_dsp_1_U114/gesture_model_dexp_64ns_64ns_64_13_full_dsp_1_ip_u/inst/i_synth/EXP_OP.i_sp_or_dp.OP/i_ccm_recip_ln2/g_tables[1].i_addsub/dsp.one.dsp48e1_add/i_no_versal_es1_workaround.DSP: DSP48E2 is not using the D port (AMULTSEL = A and BMULTSEL = B). For improved power characteristics, set DREG and ADREG to '1', tie CED, CEAD, and RSTD to logic '0'.
Related violations: <none>

AVAL-155#10 Advisory
enum_AMULTSEL_BMULTSEL_enum_DREG_ADREG_0_connects_CED_CEAD_RSTD_GND  
design_1_i/gesture_model_0/inst/dense_1_U0/dexp_64ns_64ns_64_13_full_dsp_1_U114/gesture_model_dexp_64ns_64ns_64_13_full_dsp_1_ip_u/inst/i_synth/EXP_OP.i_sp_or_dp.OP/i_ccm_recip_ln2/g_tables[2].i_addsub/dsp.one.dsp48e1_add/i_no_versal_es1_workaround.DSP: DSP48E2 is not using the D port (AMULTSEL = A and BMULTSEL = B). For improved power characteristics, set DREG and ADREG to '1', tie CED, CEAD, and RSTD to logic '0'.
Related violations: <none>

AVAL-155#11 Advisory
enum_AMULTSEL_BMULTSEL_enum_DREG_ADREG_0_connects_CED_CEAD_RSTD_GND  
design_1_i/gesture_model_0/inst/dense_1_U0/dexp_64ns_64ns_64_13_full_dsp_1_U114/gesture_model_dexp_64ns_64ns_64_13_full_dsp_1_ip_u/inst/i_synth/EXP_OP.i_sp_or_dp.OP/i_renorm_and_round/DSP48_E1.DSP48E1_ADD.DSP48E1_ADD/i_no_versal_es1_workaround.DSP: DSP48E2 is not using the D port (AMULTSEL = A and BMULTSEL = B). For improved power characteristics, set DREG and ADREG to '1', tie CED, CEAD, and RSTD to logic '0'.
Related violations: <none>

AVAL-156#1 Advisory
enum_USE_MULT_NONE__enum_DREG_ADREG_0_connects_CED_CEAD_RSTD_GND  
design_1_i/gesture_model_0/inst/dense_1_U0/dexp_64ns_64ns_64_13_full_dsp_1_U114/gesture_model_dexp_64ns_64ns_64_13_full_dsp_1_ip_u/inst/i_synth/EXP_OP.i_sp_or_dp.OP/g_Fr_other.i_calculate_e2zm1/dsp.one.dsp48e1_add/i_no_versal_es1_workaround.DSP: DSP48E2 is not using the Multiplier (USE_MULT = NONE). For improved power characteristics, set DREG and ADREG to '1', tie CED, CEAD, and RSTD to logic '0'.
Related violations: <none>

AVAL-156#2 Advisory
enum_USE_MULT_NONE__enum_DREG_ADREG_0_connects_CED_CEAD_RSTD_GND  
design_1_i/gesture_model_0/inst/dense_1_U0/dexp_64ns_64ns_64_13_full_dsp_1_U114/gesture_model_dexp_64ns_64ns_64_13_full_dsp_1_ip_u/inst/i_synth/EXP_OP.i_sp_or_dp.OP/i_calculate_Xf/dsp.two.dsp48e1_add_hi/i_no_versal_es1_workaround.DSP: DSP48E2 is not using the Multiplier (USE_MULT = NONE). For improved power characteristics, set DREG and ADREG to '1', tie CED, CEAD, and RSTD to logic '0'.
Related violations: <none>

AVAL-156#3 Advisory
enum_USE_MULT_NONE__enum_DREG_ADREG_0_connects_CED_CEAD_RSTD_GND  
design_1_i/gesture_model_0/inst/dense_1_U0/dexp_64ns_64ns_64_13_full_dsp_1_U114/gesture_model_dexp_64ns_64ns_64_13_full_dsp_1_ip_u/inst/i_synth/EXP_OP.i_sp_or_dp.OP/i_calculate_Xf/dsp.two.dsp48e1_add_lo/i_no_versal_es1_workaround.DSP: DSP48E2 is not using the Multiplier (USE_MULT = NONE). For improved power characteristics, set DREG and ADREG to '1', tie CED, CEAD, and RSTD to logic '0'.
Related violations: <none>

AVAL-156#4 Advisory
enum_USE_MULT_NONE__enum_DREG_ADREG_0_connects_CED_CEAD_RSTD_GND  
design_1_i/gesture_model_0/inst/dense_1_U0/dexp_64ns_64ns_64_13_full_dsp_1_U114/gesture_model_dexp_64ns_64ns_64_13_full_dsp_1_ip_u/inst/i_synth/EXP_OP.i_sp_or_dp.OP/i_ccm_ln2/g_tables[0].i_addsub/dsp.two.dsp48e1_add_hi/i_no_versal_es1_workaround.DSP: DSP48E2 is not using the Multiplier (USE_MULT = NONE). For improved power characteristics, set DREG and ADREG to '1', tie CED, CEAD, and RSTD to logic '0'.
Related violations: <none>

AVAL-156#5 Advisory
enum_USE_MULT_NONE__enum_DREG_ADREG_0_connects_CED_CEAD_RSTD_GND  
design_1_i/gesture_model_0/inst/dense_1_U0/dexp_64ns_64ns_64_13_full_dsp_1_U114/gesture_model_dexp_64ns_64ns_64_13_full_dsp_1_ip_u/inst/i_synth/EXP_OP.i_sp_or_dp.OP/i_ccm_ln2/g_tables[0].i_addsub/dsp.two.dsp48e1_add_lo/i_no_versal_es1_workaround.DSP: DSP48E2 is not using the Multiplier (USE_MULT = NONE). For improved power characteristics, set DREG and ADREG to '1', tie CED, CEAD, and RSTD to logic '0'.
Related violations: <none>

AVAL-156#6 Advisory
enum_USE_MULT_NONE__enum_DREG_ADREG_0_connects_CED_CEAD_RSTD_GND  
design_1_i/gesture_model_0/inst/dense_1_U0/dexp_64ns_64ns_64_13_full_dsp_1_U114/gesture_model_dexp_64ns_64ns_64_13_full_dsp_1_ip_u/inst/i_synth/EXP_OP.i_sp_or_dp.OP/i_ccm_ln2/g_tables[1].i_addsub/dsp.two.dsp48e1_add_hi/i_no_versal_es1_workaround.DSP: DSP48E2 is not using the Multiplier (USE_MULT = NONE). For improved power characteristics, set DREG and ADREG to '1', tie CED, CEAD, and RSTD to logic '0'.
Related violations: <none>

AVAL-156#7 Advisory
enum_USE_MULT_NONE__enum_DREG_ADREG_0_connects_CED_CEAD_RSTD_GND  
design_1_i/gesture_model_0/inst/dense_1_U0/dexp_64ns_64ns_64_13_full_dsp_1_U114/gesture_model_dexp_64ns_64ns_64_13_full_dsp_1_ip_u/inst/i_synth/EXP_OP.i_sp_or_dp.OP/i_ccm_ln2/g_tables[1].i_addsub/dsp.two.dsp48e1_add_lo/i_no_versal_es1_workaround.DSP: DSP48E2 is not using the Multiplier (USE_MULT = NONE). For improved power characteristics, set DREG and ADREG to '1', tie CED, CEAD, and RSTD to logic '0'.
Related violations: <none>

AVAL-156#8 Advisory
enum_USE_MULT_NONE__enum_DREG_ADREG_0_connects_CED_CEAD_RSTD_GND  
design_1_i/gesture_model_0/inst/dense_1_U0/dexp_64ns_64ns_64_13_full_dsp_1_U114/gesture_model_dexp_64ns_64ns_64_13_full_dsp_1_ip_u/inst/i_synth/EXP_OP.i_sp_or_dp.OP/i_ccm_recip_ln2/g_tables[0].i_addsub/dsp.one.dsp48e1_add/i_no_versal_es1_workaround.DSP: DSP48E2 is not using the Multiplier (USE_MULT = NONE). For improved power characteristics, set DREG and ADREG to '1', tie CED, CEAD, and RSTD to logic '0'.
Related violations: <none>

AVAL-156#9 Advisory
enum_USE_MULT_NONE__enum_DREG_ADREG_0_connects_CED_CEAD_RSTD_GND  
design_1_i/gesture_model_0/inst/dense_1_U0/dexp_64ns_64ns_64_13_full_dsp_1_U114/gesture_model_dexp_64ns_64ns_64_13_full_dsp_1_ip_u/inst/i_synth/EXP_OP.i_sp_or_dp.OP/i_ccm_recip_ln2/g_tables[1].i_addsub/dsp.one.dsp48e1_add/i_no_versal_es1_workaround.DSP: DSP48E2 is not using the Multiplier (USE_MULT = NONE). For improved power characteristics, set DREG and ADREG to '1', tie CED, CEAD, and RSTD to logic '0'.
Related violations: <none>

AVAL-156#10 Advisory
enum_USE_MULT_NONE__enum_DREG_ADREG_0_connects_CED_CEAD_RSTD_GND  
design_1_i/gesture_model_0/inst/dense_1_U0/dexp_64ns_64ns_64_13_full_dsp_1_U114/gesture_model_dexp_64ns_64ns_64_13_full_dsp_1_ip_u/inst/i_synth/EXP_OP.i_sp_or_dp.OP/i_ccm_recip_ln2/g_tables[2].i_addsub/dsp.one.dsp48e1_add/i_no_versal_es1_workaround.DSP: DSP48E2 is not using the Multiplier (USE_MULT = NONE). For improved power characteristics, set DREG and ADREG to '1', tie CED, CEAD, and RSTD to logic '0'.
Related violations: <none>

AVAL-156#11 Advisory
enum_USE_MULT_NONE__enum_DREG_ADREG_0_connects_CED_CEAD_RSTD_GND  
design_1_i/gesture_model_0/inst/dense_1_U0/dexp_64ns_64ns_64_13_full_dsp_1_U114/gesture_model_dexp_64ns_64ns_64_13_full_dsp_1_ip_u/inst/i_synth/EXP_OP.i_sp_or_dp.OP/i_renorm_and_round/DSP48_E1.DSP48E1_ADD.DSP48E1_ADD/i_no_versal_es1_workaround.DSP: DSP48E2 is not using the Multiplier (USE_MULT = NONE). For improved power characteristics, set DREG and ADREG to '1', tie CED, CEAD, and RSTD to logic '0'.
Related violations: <none>


